android/app/build/intermediates/manifest_merge_blame_file/debug/manifest-merger-blame-debug-report.txt
1<?xml version="1.0" encoding="utf-8"?>
2<manifest xmlns:android="http://schemas.android.com/apk/res/android"
3    package="cmo.DemoDapp"
4    android:versionCode="1"
5    android:versionName="1.0.0" >
6
7    <uses-sdk
8        android:minSdkVersion="21"
9        android:targetSdkVersion="30" />
10
11    <uses-permission android:name="android.permission.SYSTEM_ALERT_WINDOW" />
11-->src/main/AndroidManifest.xml:4:3-75
11-->src/main/AndroidManifest.xml:4:20-73
12    <uses-permission android:name="android.permission.INTERNET" />
12-->src/main/AndroidManifest.xml:2:3-64
12-->src/main/AndroidManifest.xml:2:20-62
13    <uses-permission android:name="android.permission.READ_EXTERNAL_STORAGE" />
13-->src/main/AndroidManifest.xml:3:3-77
13-->src/main/AndroidManifest.xml:3:20-75
14    <uses-permission android:name="android.permission.VIBRATE" />
14-->src/main/AndroidManifest.xml:5:3-63
14-->src/main/AndroidManifest.xml:5:20-61
15    <uses-permission android:name="android.permission.WRITE_EXTERNAL_STORAGE" />
15-->src/main/AndroidManifest.xml:6:3-78
15-->src/main/AndroidManifest.xml:6:20-76
16    <uses-permission android:name="android.permission.ACCESS_WIFI_STATE" />
16-->[com.facebook.flipper:flipper:0.54.0] AndroidManifest.xml:16:5-76
16-->[com.facebook.flipper:flipper:0.54.0] AndroidManifest.xml:16:22-73
17    <uses-permission android:name="android.permission.ACCESS_NETWORK_STATE" />
17-->[:expo-updates] AndroidManifest.xml:11:5-79
17-->[:expo-updates] AndroidManifest.xml:11:22-76
18
19    <queries>
19-->[:expo-file-system] AndroidManifest.xml:16:5-22:15
20
21        <!-- Query open documents -->
22        <intent>
22-->[:expo-file-system] AndroidManifest.xml:19:9-21:18
23            <action android:name="android.intent.action.OPEN_DOCUMENT_TREE" />
23-->[:expo-file-system] AndroidManifest.xml:20:13-79
23-->[:expo-file-system] AndroidManifest.xml:20:21-76
24        </intent>
25    </queries>
26
27    <uses-permission android:name="com.google.android.finsky.permission.BIND_GET_INSTALL_REFERRER_SERVICE" />
27-->[com.android.installreferrer:installreferrer:1.0] AndroidManifest.xml:9:5-110
27-->[com.android.installreferrer:installreferrer:1.0] AndroidManifest.xml:9:22-107
28
29    <application
29-->src/main/AndroidManifest.xml:7:3-27:17
30        android:name="cmo.DemoDapp.MainApplication"
30-->src/main/AndroidManifest.xml:7:16-47
31        android:allowBackup="true"
31-->src/main/AndroidManifest.xml:7:162-188
32        android:appComponentFactory="androidx.core.app.CoreComponentFactory"
32-->[androidx.core:core:1.3.0] AndroidManifest.xml:24:18-86
33        android:debuggable="true"
34        android:icon="@mipmap/ic_launcher"
34-->src/main/AndroidManifest.xml:7:81-115
35        android:label="@string/app_name"
35-->src/main/AndroidManifest.xml:7:48-80
36        android:roundIcon="@mipmap/ic_launcher_round"
36-->src/main/AndroidManifest.xml:7:116-161
37        android:theme="@style/AppTheme"
37-->src/main/AndroidManifest.xml:7:189-220
38        android:usesCleartextTraffic="true" >
38-->src/main/AndroidManifest.xml:7:221-256
39        <meta-data
39-->src/main/AndroidManifest.xml:8:5-82
40            android:name="expo.modules.updates.ENABLED"
40-->src/main/AndroidManifest.xml:8:16-59
41            android:value="true" />
41-->src/main/AndroidManifest.xml:8:60-80
42        <meta-data
42-->src/main/AndroidManifest.xml:9:5-93
43            android:name="expo.modules.updates.EXPO_SDK_VERSION"
43-->src/main/AndroidManifest.xml:9:16-68
44            android:value="42.0.0" />
44-->src/main/AndroidManifest.xml:9:69-91
45        <meta-data
45-->src/main/AndroidManifest.xml:10:5-105
46            android:name="expo.modules.updates.EXPO_UPDATES_CHECK_ON_LAUNCH"
46-->src/main/AndroidManifest.xml:10:16-80
47            android:value="ALWAYS" />
47-->src/main/AndroidManifest.xml:10:81-103
48        <meta-data
48-->src/main/AndroidManifest.xml:11:5-99
49            android:name="expo.modules.updates.EXPO_UPDATES_LAUNCH_WAIT_MS"
49-->src/main/AndroidManifest.xml:11:16-79
50            android:value="0" />
50-->src/main/AndroidManifest.xml:11:80-97
51        <meta-data
51-->src/main/AndroidManifest.xml:12:5-121
52            android:name="expo.modules.updates.EXPO_UPDATE_URL"
52-->src/main/AndroidManifest.xml:12:16-67
53            android:value="https://exp.host/@joe.chou/demodapp" />
53-->src/main/AndroidManifest.xml:12:68-119
54
55        <activity
55-->src/main/AndroidManifest.xml:13:5-25:16
56            android:name="cmo.DemoDapp.MainActivity"
56-->src/main/AndroidManifest.xml:13:15-43
57            android:configChanges="keyboard|keyboardHidden|orientation|screenSize|uiMode"
57-->src/main/AndroidManifest.xml:13:77-154
58            android:label="@string/app_name"
58-->src/main/AndroidManifest.xml:13:44-76
59            android:launchMode="singleTask"
59-->src/main/AndroidManifest.xml:13:155-186
60            android:theme="@style/Theme.App.SplashScreen"
60-->src/main/AndroidManifest.xml:13:230-275
61            android:windowSoftInputMode="adjustResize" >
61-->src/main/AndroidManifest.xml:13:187-229
62            <intent-filter>
62-->src/main/AndroidManifest.xml:14:7-17:23
63                <action android:name="android.intent.action.MAIN" />
63-->src/main/AndroidManifest.xml:15:9-60
63-->src/main/AndroidManifest.xml:15:17-58
64
65                <category android:name="android.intent.category.LAUNCHER" />
65-->src/main/AndroidManifest.xml:16:9-68
65-->src/main/AndroidManifest.xml:16:19-66
66            </intent-filter>
67            <intent-filter>
67-->src/main/AndroidManifest.xml:18:7-24:23
68                <action android:name="android.intent.action.VIEW" />
68-->src/main/AndroidManifest.xml:19:9-60
68-->src/main/AndroidManifest.xml:19:17-58
69
70                <category android:name="android.intent.category.DEFAULT" />
70-->src/main/AndroidManifest.xml:20:9-67
70-->src/main/AndroidManifest.xml:20:19-65
71                <category android:name="android.intent.category.BROWSABLE" />
71-->src/main/AndroidManifest.xml:21:9-69
71-->src/main/AndroidManifest.xml:21:19-67
72
73                <data android:scheme="demodapp" />
73-->src/main/AndroidManifest.xml:22:9-42
73-->src/main/AndroidManifest.xml:22:15-40
74                <data android:scheme="cmo.DemoDapp" />
74-->src/main/AndroidManifest.xml:22:9-42
74-->src/main/AndroidManifest.xml:22:15-40
75            </intent-filter>
76        </activity>
77        <activity android:name="com.facebook.react.devsupport.DevSettingsActivity" />
77-->src/main/AndroidManifest.xml:26:5-81
77-->src/main/AndroidManifest.xml:26:15-79
78
79        <meta-data
79-->[:unimodules-react-native-adapter] AndroidManifest.xml:12:9-14:91
80            android:name="org.unimodules.core.AppLoader#react-native-headless"
80-->[:unimodules-react-native-adapter] AndroidManifest.xml:13:13-79
81            android:value="org.unimodules.adapters.react.apploader.RNHeadlessAppLoader" />
81-->[:unimodules-react-native-adapter] AndroidManifest.xml:14:13-88
82
83        <provider
83-->[:expo-file-system] AndroidManifest.xml:25:9-34:20
84            android:name="expo.modules.filesystem.FileSystemFileProvider"
84-->[:expo-file-system] AndroidManifest.xml:26:13-74
85            android:authorities="cmo.DemoDapp.FileSystemFileProvider"
85-->[:expo-file-system] AndroidManifest.xml:27:13-74
86            android:exported="false"
86-->[:expo-file-system] AndroidManifest.xml:28:13-37
87            android:grantUriPermissions="true" >
87-->[:expo-file-system] AndroidManifest.xml:29:13-47
88            <meta-data
88-->[:expo-file-system] AndroidManifest.xml:31:13-33:70
89                android:name="android.support.FILE_PROVIDER_PATHS"
89-->[:expo-file-system] AndroidManifest.xml:32:17-67
90                android:resource="@xml/file_system_provider_paths" />
90-->[:expo-file-system] AndroidManifest.xml:33:17-67
91        </provider>
92
93        <service
93-->[androidx.room:room-runtime:2.1.0] AndroidManifest.xml:25:9-27:40
94            android:name="androidx.room.MultiInstanceInvalidationService"
94-->[androidx.room:room-runtime:2.1.0] AndroidManifest.xml:26:13-74
95            android:exported="false" />
95-->[androidx.room:room-runtime:2.1.0] AndroidManifest.xml:27:13-37
96    </application>
97
98</manifest>